app/build/outputs/logs/manifest-merger-debug-report.txt
-- Merging decision tree log ---
manifest
ADDED from src\main\AndroidManifest.xml:2:1-309:12
	package
		ADDED from src\main\AndroidManifest.xml:3:5-38
		INJECTED from src\main\AndroidManifest.xml
		INJECTED from src\main\AndroidManifest.xml
	android:versionName
		ADDED from src\main\AndroidManifest.xml:5:5-30
		INJECTED from src\main\AndroidManifest.xml
		INJECTED from src\main\AndroidManifest.xml
	android:versionCode
		ADDED from src\main\AndroidManifest.xml:4:5-28
		INJECTED from src\main\AndroidManifest.xml
		INJECTED from src\main\AndroidManifest.xml
	xmlns:android
		ADDED from src\main\AndroidManifest.xml:2:11-69
uses-sdk
ADDED from src\main\AndroidManifest.xml:7:5-9:41
MERGED from [Aaha1:animation_Lagging:unspecified] AndroidManifest.xml:5:5-44
MERGED from [com.android.support:multidex:1.0.1] AndroidManifest.xml:18:5-42
MERGED from [com.ogaclejapan.arclayout:library:1.1.0] AndroidManifest.xml:8:5-10:41
MERGED from [com.github.clans:fab:1.6.4] AndroidManifest.xml:8:5-10:41
MERGED from [com.wdullaer:materialdatetimepicker:2.5.0] AndroidManifest.xml:22:5-24:41
MERGED from [com.mixpanel.android:mixpanel-android:4.9.3] AndroidManifest.xml:11:5-13:41
MERGED from [com.google.android.gms:play-services:9.4.0] AndroidManifest.xml:4:5-42
MERGED from [com.google.android.gms:play-services-analytics:9.4.0] AndroidManifest.xml:18:5-42
MERGED from [com.google.android.gms:play-services-appinvite:9.4.0] AndroidManifest.xml:18:5-42
MERGED from [com.google.android.gms:play-services-cast-framework:9.4.0] AndroidManifest.xml:4:5-42
MERGED from [com.google.android.gms:play-services-cast:9.4.0] AndroidManifest.xml:18:5-42
MERGED from [com.android.support:mediarouter-v7:23.0.0] AndroidManifest.xml:20:5-43
MERGED from [com.google.firebase:firebase-config:9.4.0] AndroidManifest.xml:18:5-42
MERGED from [com.google.android.gms:play-services-contextmanager:9.4.0] AndroidManifest.xml:18:5-42
MERGED from [com.google.firebase:firebase-crash:9.4.0] AndroidManifest.xml:22:5-42
MERGED from [com.google.firebase:firebase-auth:9.4.0] AndroidManifest.xml:18:5-43
MERGED from [com.google.firebase:firebase-auth-common:9.4.0] AndroidManifest.xml:18:5-43
MERGED from [com.google.firebase:firebase-auth-module:9.4.0] AndroidManifest.xml:4:5-43
MERGED from [com.google.firebase:firebase-database:9.4.0] AndroidManifest.xml:5:5-43
MERGED from [com.google.firebase:firebase-database-connection:9.4.0] AndroidManifest.xml:5:5-43
MERGED from [com.google.firebase:firebase-messaging:9.4.0] AndroidManifest.xml:18:5-42
MERGED from [com.google.firebase:firebase-storage:9.4.0] AndroidManifest.xml:5:5-43
MERGED from [com.google.firebase:firebase-storage-common:9.4.0] AndroidManifest.xml:5:5-43
MERGED from [com.google.android.gms:play-services-fitness:9.4.0] AndroidManifest.xml:18:5-42
MERGED from [com.google.android.gms:play-services-games:9.4.0] AndroidManifest.xml:18:5-42
MERGED from [com.google.android.gms:play-services-drive:9.4.0] AndroidManifest.xml:18:5-42
MERGED from [com.google.android.gms:play-services-appindexing:9.4.0] AndroidManifest.xml:18:5-42
MERGED from [com.google.android.gms:play-services-location:9.4.0] AndroidManifest.xml:18:5-42
MERGED from [com.google.android.gms:play-services-nearby:9.4.0] AndroidManifest.xml:4:5-42
MERGED from [com.google.android.gms:play-services-panorama:9.4.0] AndroidManifest.xml:18:5-42
MERGED from [com.google.android.gms:play-services-places:9.4.0] AndroidManifest.xml:18:5-42
MERGED from [com.google.android.gms:play-services-plus:9.4.0] AndroidManifest.xml:18:5-42
MERGED from [com.google.android.gms:play-services-safetynet:9.4.0] AndroidManifest.xml:18:5-42
MERGED from [com.google.android.gms:play-services-tagmanager:9.4.0] AndroidManifest.xml:18:5-42
MERGED from [com.google.android.gms:play-services-analytics-impl:9.4.0] AndroidManifest.xml:18:5-42
MERGED from [com.google.android.gms:play-services-tagmanager-api:9.4.0] AndroidManifest.xml:18:5-42
MERGED from [com.google.firebase:firebase-analytics:9.4.0] AndroidManifest.xml:18:5-42
MERGED from [com.google.firebase:firebase-analytics-impl:9.4.0] AndroidManifest.xml:18:5-42
MERGED from [com.google.firebase:firebase-iid:9.4.0] AndroidManifest.xml:18:5-42
MERGED from [com.google.firebase:firebase-common:9.4.0] AndroidManifest.xml:4:5-43
MERGED from [com.google.android.gms:play-services-vision:9.4.0] AndroidManifest.xml:4:5-42
MERGED from [com.google.android.gms:play-services-wallet:9.4.0] AndroidManifest.xml:19:5-42
MERGED from [com.google.android.gms:play-services-identity:9.4.0] AndroidManifest.xml:18:5-42
MERGED from [com.google.android.gms:play-services-maps:9.4.0] AndroidManifest.xml:26:5-42
MERGED from [com.google.android.gms:play-services-wearable:9.4.0] AndroidManifest.xml:18:5-42
MERGED from [com.rengwuxian.materialedittext:library:2.1.4] AndroidManifest.xml:6:5-8:41
MERGED from [com.android.support:appcompat-v7:23.0.0] AndroidManifest.xml:20:5-43
MERGED from [com.google.android.gms:play-services-ads:9.4.0] AndroidManifest.xml:19:5-42
MERGED from [com.google.android.gms:play-services-ads-lite:9.4.0] AndroidManifest.xml:23:5-42
MERGED from [com.google.android.gms:play-services-clearcut:9.4.0] AndroidManifest.xml:18:5-42
MERGED from [com.google.android.gms:play-services-gass:9.4.0] AndroidManifest.xml:18:5-42
MERGED from [com.google.android.gms:play-services-auth:9.4.0] AndroidManifest.xml:18:5-43
MERGED from [com.google.android.gms:play-services-auth-base:9.4.0] AndroidManifest.xml:5:5-43
MERGED from [com.google.android.gms:play-services-gcm:9.4.0] AndroidManifest.xml:18:5-42
MERGED from [com.google.android.gms:play-services-iid:9.4.0] AndroidManifest.xml:18:5-42
MERGED from [com.google.android.gms:play-services-base:9.4.0] AndroidManifest.xml:18:5-42
MERGED from [com.google.android.gms:play-services-tasks:9.4.0] AndroidManifest.xml:4:5-43
MERGED from [com.google.android.gms:play-services-basement:9.4.0] AndroidManifest.xml:18:5-42
MERGED from [com.android.support:support-v4:23.1.1] AndroidManifest.xml:20:5-43
MERGED from [com.github.tamir7.contacts:contacts:1.1.3] AndroidManifest.xml:8:5-10:41
	android:targetSdkVersion
		ADDED from src\main\AndroidManifest.xml:9:9-38
		INJECTED from src\main\AndroidManifest.xml
		INJECTED from src\main\AndroidManifest.xml
	android:minSdkVersion
		ADDED from src\main\AndroidManifest.xml:8:9-35
		INJECTED from src\main\AndroidManifest.xml
		INJECTED from src\main\AndroidManifest.xml
uses-permission#android.permission.ACCESS_NETWORK_STATE
ADDED from src\main\AndroidManifest.xml:11:5-79
MERGED from [com.google.android.gms:play-services-analytics:9.4.0] AndroidManifest.xml:22:5-79
MERGED from [com.google.android.gms:play-services-nearby:9.4.0] AndroidManifest.xml:5:5-79
MERGED from [com.google.android.gms:play-services-analytics-impl:9.4.0] AndroidManifest.xml:22:5-79
MERGED from [com.google.android.gms:play-services-tagmanager-api:9.4.0] AndroidManifest.xml:22:5-79
MERGED from [com.google.firebase:firebase-analytics:9.4.0] AndroidManifest.xml:22:5-79
MERGED from [com.google.firebase:firebase-analytics-impl:9.4.0] AndroidManifest.xml:22:5-79
MERGED from [com.google.firebase:firebase-iid:9.4.0] AndroidManifest.xml:20:5-79
MERGED from [com.google.android.gms:play-services-maps:9.4.0] AndroidManifest.xml:20:5-78
MERGED from [com.google.android.gms:play-services-ads-lite:9.4.0] AndroidManifest.xml:21:5-78
	android:name
		ADDED from src\main\AndroidManifest.xml:11:22-76
uses-permission#android.permission.INTERNET
ADDED from src\main\AndroidManifest.xml:12:5-67
MERGED from [com.mixpanel.android:mixpanel-android:4.9.3] AndroidManifest.xml:16:5-67
MERGED from [com.google.android.gms:play-services-analytics:9.4.0] AndroidManifest.xml:21:5-67
MERGED from [com.google.android.gms:play-services-appinvite:9.4.0] AndroidManifest.xml:19:5-67
MERGED from [com.google.firebase:firebase-crash:9.4.0] AndroidManifest.xml:20:5-66
MERGED from [com.google.android.gms:play-services-analytics-impl:9.4.0] AndroidManifest.xml:21:5-67
MERGED from [com.google.android.gms:play-services-tagmanager-api:9.4.0] AndroidManifest.xml:21:5-67
MERGED from [com.google.firebase:firebase-analytics:9.4.0] AndroidManifest.xml:21:5-67
MERGED from [com.google.firebase:firebase-analytics-impl:9.4.0] AndroidManifest.xml:21:5-67
MERGED from [com.google.firebase:firebase-iid:9.4.0] AndroidManifest.xml:21:5-67
MERGED from [com.google.android.gms:play-services-maps:9.4.0] AndroidManifest.xml:21:5-66
MERGED from [com.google.android.gms:play-services-ads-lite:9.4.0] AndroidManifest.xml:20:5-66
MERGED from [com.google.android.gms:play-services-gcm:9.4.0] AndroidManifest.xml:22:5-67
MERGED from [com.google.android.gms:play-services-iid:9.4.0] AndroidManifest.xml:22:5-67
	android:name
		ADDED from src\main\AndroidManifest.xml:12:22-64
uses-permission#android.permission.GET_ACCOUNTS
ADDED from src\main\AndroidManifest.xml:13:5-71
	android:name
		ADDED from src\main\AndroidManifest.xml:13:22-68
uses-permission#android.permission.USE_CREDENTIALS
ADDED from src\main\AndroidManifest.xml:14:5-74
	android:name
		ADDED from src\main\AndroidManifest.xml:14:22-71
uses-permission#android.permission.WRITE_EXTERNAL_STORAGE
ADDED from src\main\AndroidManifest.xml:15:5-81
	android:name
		ADDED from src\main\AndroidManifest.xml:15:22-78
uses-permission#android.permission.READ_EXTERNAL_STORAGE
ADDED from src\main\AndroidManifest.xml:16:5-80
	android:name
		ADDED from src\main\AndroidManifest.xml:16:22-77
uses-permission#android.permission.WAKE_LOCK
ADDED from src\main\AndroidManifest.xml:17:5-68
MERGED from [com.google.android.gms:play-services-analytics:9.4.0] AndroidManifest.xml:25:5-67
MERGED from [com.google.android.gms:play-services-analytics-impl:9.4.0] AndroidManifest.xml:25:5-67
MERGED from [com.google.firebase:firebase-analytics:9.4.0] AndroidManifest.xml:24:5-67
MERGED from [com.google.firebase:firebase-analytics-impl:9.4.0] AndroidManifest.xml:24:5-67
MERGED from [com.google.firebase:firebase-iid:9.4.0] AndroidManifest.xml:22:5-68
	android:name
		ADDED from src\main\AndroidManifest.xml:17:22-65
uses-permission#android.permission.RECEIVE_BOOT_COMPLETED
ADDED from src\main\AndroidManifest.xml:18:5-81
	android:name
		ADDED from src\main\AndroidManifest.xml:18:22-78
uses-permission#android.permission.BLUETOOTH
ADDED from src\main\AndroidManifest.xml:19:5-68
	android:name
		ADDED from src\main\AndroidManifest.xml:19:22-65
uses-permission#android.permission.READ_CONTACTS
ADDED from src\main\AndroidManifest.xml:20:5-72
	android:name
		ADDED from src\main\AndroidManifest.xml:20:22-69
permission#com.motivator.wecareyou.permission.C2D_MESSAGE
ADDED from src\main\AndroidManifest.xml:22:5-24:47
MERGED from [com.google.firebase:firebase-iid:9.4.0] AndroidManifest.xml:25:5-26:47
	android:protectionLevel
		ADDED from src\main\AndroidManifest.xml:24:9-44
	android:name
		ADDED from src\main\AndroidManifest.xml:23:9-70
uses-permission#com.motivator.wecareyou.permission.C2D_MESSAGE
ADDED from src\main\AndroidManifest.xml:26:5-86
MERGED from [com.google.firebase:firebase-iid:9.4.0] AndroidManifest.xml:28:5-79
	android:name
		ADDED from src\main\AndroidManifest.xml:26:22-83
uses-permission#com.google.android.c2dm.permission.RECEIVE
ADDED from src\main\AndroidManifest.xml:27:5-82
MERGED from [com.google.firebase:firebase-iid:9.4.0] AndroidManifest.xml:23:5-82
MERGED from [com.google.android.gms:play-services-gcm:9.4.0] AndroidManifest.xml:21:5-82
MERGED from [com.google.android.gms:play-services-iid:9.4.0] AndroidManifest.xml:21:5-82
	android:name
		ADDED from src\main\AndroidManifest.xml:27:22-79
android:uses-permission#android.permission.READ_PHONE_STATE
ADDED from src\main\AndroidManifest.xml:29:5-83
	android:name
		ADDED from src\main\AndroidManifest.xml:29:30-80
application
ADDED from src\main\AndroidManifest.xml:31:5-307:19
MERGED from [Aaha1:animation_Lagging:unspecified] AndroidManifest.xml:7:5-10:19
MERGED from [com.github.clans:fab:1.6.4] AndroidManifest.xml:12:5-20
MERGED from [com.wdullaer:materialdatetimepicker:2.5.0] AndroidManifest.xml:28:5-20
MERGED from [com.mixpanel.android:mixpanel-android:4.9.3] AndroidManifest.xml:42:5-122:19
MERGED from [com.google.android.gms:play-services:9.4.0] AndroidManifest.xml:5:5-20
MERGED from [com.google.android.gms:play-services-analytics:9.4.0] AndroidManifest.xml:27:5-20
MERGED from [com.google.android.gms:play-services-appinvite:9.4.0] AndroidManifest.xml:20:5-30:19
MERGED from [com.google.android.gms:play-services-cast-framework:9.4.0] AndroidManifest.xml:5:5-9:19
MERGED from [com.google.android.gms:play-services-cast:9.4.0] AndroidManifest.xml:19:5-20
MERGED from [com.android.support:mediarouter-v7:23.0.0] AndroidManifest.xml:22:5-20
MERGED from [com.google.firebase:firebase-config:9.4.0] AndroidManifest.xml:19:5-20
MERGED from [com.google.android.gms:play-services-contextmanager:9.4.0] AndroidManifest.xml:19:5-20
MERGED from [com.google.firebase:firebase-crash:9.4.0] AndroidManifest.xml:24:5-32:19
MERGED from [com.google.firebase:firebase-auth:9.4.0] AndroidManifest.xml:20:5-21:19
MERGED from [com.google.firebase:firebase-auth-common:9.4.0] AndroidManifest.xml:20:5-21:19
MERGED from [com.google.firebase:firebase-messaging:9.4.0] AndroidManifest.xml:20:5-32:19
MERGED from [com.google.android.gms:play-services-fitness:9.4.0] AndroidManifest.xml:19:5-20
MERGED from [com.google.android.gms:play-services-games:9.4.0] AndroidManifest.xml:19:5-20
MERGED from [com.google.android.gms:play-services-drive:9.4.0] AndroidManifest.xml:19:5-20
MERGED from [com.google.android.gms:play-services-appindexing:9.4.0] AndroidManifest.xml:19:5-20
MERGED from [com.google.android.gms:play-services-location:9.4.0] AndroidManifest.xml:19:5-20
MERGED from [com.google.android.gms:play-services-nearby:9.4.0] AndroidManifest.xml:6:5-20
MERGED from [com.google.android.gms:play-services-panorama:9.4.0] AndroidManifest.xml:19:5-20
MERGED from [com.google.android.gms:play-services-places:9.4.0] AndroidManifest.xml:19:5-20
MERGED from [com.google.android.gms:play-services-plus:9.4.0] AndroidManifest.xml:19:5-20
MERGED from [com.google.android.gms:play-services-safetynet:9.4.0] AndroidManifest.xml:19:5-20
MERGED from [com.google.android.gms:play-services-analytics-impl:9.4.0] AndroidManifest.xml:27:5-20
MERGED from [com.google.android.gms:play-services-tagmanager-api:9.4.0] AndroidManifest.xml:24:5-38:19
MERGED from [com.google.firebase:firebase-analytics:9.4.0] AndroidManifest.xml:26:5-41:19
MERGED from [com.google.firebase:firebase-analytics-impl:9.4.0] AndroidManifest.xml:26:5-41:19
MERGED from [com.google.firebase:firebase-iid:9.4.0] AndroidManifest.xml:30:5-59:19
MERGED from [com.google.firebase:firebase-common:9.4.0] AndroidManifest.xml:5:5-12:19
MERGED from [com.google.android.gms:play-services-vision:9.4.0] AndroidManifest.xml:5:5-20
MERGED from [com.google.android.gms:play-services-identity:9.4.0] AndroidManifest.xml:19:5-20
MERGED from [com.google.android.gms:play-services-maps:9.4.0] AndroidManifest.xml:27:5-20
MERGED from [com.google.android.gms:play-services-wearable:9.4.0] AndroidManifest.xml:19:5-20
MERGED from [com.android.support:appcompat-v7:23.0.0] AndroidManifest.xml:22:5-20
MERGED from [com.google.android.gms:play-services-ads-lite:9.4.0] AndroidManifest.xml:24:5-32:19
MERGED from [com.google.android.gms:play-services-clearcut:9.4.0] AndroidManifest.xml:19:5-20
MERGED from [com.google.android.gms:play-services-gass:9.4.0] AndroidManifest.xml:19:5-20
MERGED from [com.google.android.gms:play-services-auth:9.4.0] AndroidManifest.xml:20:5-32:19
MERGED from [com.google.android.gms:play-services-gcm:9.4.0] AndroidManifest.xml:24:5-20
MERGED from [com.google.android.gms:play-services-iid:9.4.0] AndroidManifest.xml:24:5-20
MERGED from [com.google.android.gms:play-services-base:9.4.0] AndroidManifest.xml:19:5-23:19
MERGED from [com.google.android.gms:play-services-tasks:9.4.0] AndroidManifest.xml:5:5-20
MERGED from [com.google.android.gms:play-services-basement:9.4.0] AndroidManifest.xml:20:5-24:19
MERGED from [com.android.support:support-v4:23.1.1] AndroidManifest.xml:22:5-20
	android:label
		ADDED from src\main\AndroidManifest.xml:35:9-41
	android:allowBackup
		ADDED from src\main\AndroidManifest.xml:33:9-35
	android:icon
		ADDED from src\main\AndroidManifest.xml:34:9-42
	android:theme
		ADDED from src\main\AndroidManifest.xml:36:9-73
	android:name
		ADDED from src\main\AndroidManifest.xml:32:9-38
receiver#com.mixpanel.android.mpmetrics.GCMReceiver
ADDED from src\main\AndroidManifest.xml:37:9-46:20
	android:permission
		ADDED from src\main\AndroidManifest.xml:39:13-73
	android:name
		ADDED from src\main\AndroidManifest.xml:38:13-70
intent-filter#com.google.android.c2dm.intent.RECEIVE+com.google.android.c2dm.intent.REGISTRATION+com.motivator.wecareyou
ADDED from src\main\AndroidManifest.xml:40:13-45:29
action#com.google.android.c2dm.intent.RECEIVE
ADDED from src\main\AndroidManifest.xml:41:17-81
	android:name
		ADDED from src\main\AndroidManifest.xml:41:25-78
action#com.google.android.c2dm.intent.REGISTRATION
ADDED from src\main\AndroidManifest.xml:42:17-86
	android:name
		ADDED from src\main\AndroidManifest.xml:42:25-83
category#com.motivator.wecareyou
ADDED from src\main\AndroidManifest.xml:44:17-68
	android:name
		ADDED from src\main\AndroidManifest.xml:44:27-65
receiver#com.motivator.alarm.AlarmReceiver
ADDED from src\main\AndroidManifest.xml:47:9-70
	android:name
		ADDED from src\main\AndroidManifest.xml:47:19-67
receiver#com.motivator.alarm.ActionReminderReceiver
ADDED from src\main\AndroidManifest.xml:48:9-79
	android:name
		ADDED from src\main\AndroidManifest.xml:48:19-76
receiver#com.motivator.alarm.SampleBootReceiver
ADDED from src\main\AndroidManifest.xml:49:9-55:20
	android:enabled
		ADDED from src\main\AndroidManifest.xml:51:13-36
	android:name
		ADDED from src\main\AndroidManifest.xml:50:13-66
intent-filter#android.intent.action.BOOT_COMPLETED
ADDED from src\main\AndroidManifest.xml:52:13-54:29
action#android.intent.action.BOOT_COMPLETED
ADDED from src\main\AndroidManifest.xml:53:17-79
	android:name
		ADDED from src\main\AndroidManifest.xml:53:25-76
activity#com.motivator.wecareyou.Splash
ADDED from src\main\AndroidManifest.xml:57:9-67:20
	android:screenOrientation
		ADDED from src\main\AndroidManifest.xml:60:13-49
	android:label
		ADDED from src\main\AndroidManifest.xml:59:13-45
	android:theme
		ADDED from src\main\AndroidManifest.xml:61:13-72
	android:name
		ADDED from src\main\AndroidManifest.xml:58:13-35
intent-filter#android.intent.action.MAIN+android.intent.category.LAUNCHER
ADDED from src\main\AndroidManifest.xml:62:13-66:29
action#android.intent.action.MAIN
ADDED from src\main\AndroidManifest.xml:63:17-69
	android:name
		ADDED from src\main\AndroidManifest.xml:63:25-66
category#android.intent.category.LAUNCHER
ADDED from src\main\AndroidManifest.xml:65:17-77
	android:name
		ADDED from src\main\AndroidManifest.xml:65:27-74
activity#com.motivator.wecareyou.KickStart
ADDED from src\main\AndroidManifest.xml:68:9-72:55
	android:screenOrientation
		ADDED from src\main\AndroidManifest.xml:71:13-49
	android:label
		ADDED from src\main\AndroidManifest.xml:70:13-45
	android:windowSoftInputMode
		ADDED from src\main\AndroidManifest.xml:72:13-52
	android:name
		ADDED from src\main\AndroidManifest.xml:69:13-38
activity#com.motivator.wecareyou.Registration
ADDED from src\main\AndroidManifest.xml:73:9-76:52
	android:screenOrientation
		ADDED from src\main\AndroidManifest.xml:76:13-49
	android:label
		ADDED from src\main\AndroidManifest.xml:75:13-45
	android:name
		ADDED from src\main\AndroidManifest.xml:74:13-41
activity#com.motivator.wecareyou.FirstWalkThrough
ADDED from src\main\AndroidManifest.xml:77:9-81:46
	android:screenOrientation
		ADDED from src\main\AndroidManifest.xml:80:13-49
	android:label
		ADDED from src\main\AndroidManifest.xml:79:13-45
	android:theme
		ADDED from src\main\AndroidManifest.xml:81:13-43
	android:name
		ADDED from src\main\AndroidManifest.xml:78:13-45
activity#com.motivator.wecareyou.MainActivity
ADDED from src\main\AndroidManifest.xml:82:9-87:40
	android:screenOrientation
		ADDED from src\main\AndroidManifest.xml:85:13-49
	android:label
		ADDED from src\main\AndroidManifest.xml:84:13-45
	android:uiOptions
		ADDED from src\main\AndroidManifest.xml:87:13-37
	android:theme
		ADDED from src\main\AndroidManifest.xml:86:13-43
	android:name
		ADDED from src\main\AndroidManifest.xml:83:13-41
activity#com.motivator.wecareyou.MasterActivity
ADDED from src\main\AndroidManifest.xml:88:9-91:52
	android:screenOrientation
		ADDED from src\main\AndroidManifest.xml:91:13-49
	android:label
		ADDED from src\main\AndroidManifest.xml:90:13-45
	android:name
		ADDED from src\main\AndroidManifest.xml:89:13-43
activity#com.motivator.wecareyou.Chapter1
ADDED from src\main\AndroidManifest.xml:92:9-95:52
	android:screenOrientation
		ADDED from src\main\AndroidManifest.xml:95:13-49
	android:label
		ADDED from src\main\AndroidManifest.xml:94:13-45
	android:name
		ADDED from src\main\AndroidManifest.xml:93:13-37
activity#com.motivator.wecareyou.MyHabits
ADDED from src\main\AndroidManifest.xml:96:9-100:46
	android:screenOrientation
		ADDED from src\main\AndroidManifest.xml:99:13-49
	android:label
		ADDED from src\main\AndroidManifest.xml:98:13-45
	android:theme
		ADDED from src\main\AndroidManifest.xml:100:13-43
	android:name
		ADDED from src\main\AndroidManifest.xml:97:13-37
activity#com.motivator.wecareyou.HabitList
ADDED from src\main\AndroidManifest.xml:101:9-106:55
	android:screenOrientation
		ADDED from src\main\AndroidManifest.xml:104:13-49
	android:label
		ADDED from src\main\AndroidManifest.xml:103:13-45
	android:windowSoftInputMode
		ADDED from src\main\AndroidManifest.xml:106:13-52
	android:theme
		ADDED from src\main\AndroidManifest.xml:105:13-43
	android:name
		ADDED from src\main\AndroidManifest.xml:102:13-38
activity#com.motivator.wecareyou.Habit
ADDED from src\main\AndroidManifest.xml:107:9-111:59
	android:screenOrientation
		ADDED from src\main\AndroidManifest.xml:110:13-49
	android:label
		ADDED from src\main\AndroidManifest.xml:109:13-45
	android:theme
		ADDED from src\main\AndroidManifest.xml:111:13-56
	android:name
		ADDED from src\main\AndroidManifest.xml:108:13-34
activity#com.motivator.wecareyou.AddCustomHabit
ADDED from src\main\AndroidManifest.xml:112:9-116:46
	android:screenOrientation
		ADDED from src\main\AndroidManifest.xml:115:13-49
	android:label
		ADDED from src\main\AndroidManifest.xml:114:13-45
	android:theme
		ADDED from src\main\AndroidManifest.xml:116:13-43
	android:name
		ADDED from src\main\AndroidManifest.xml:113:13-43
activity#com.motivator.wecareyou.SetHabitTime
ADDED from src\main\AndroidManifest.xml:117:9-121:59
	android:screenOrientation
		ADDED from src\main\AndroidManifest.xml:120:13-49
	android:label
		ADDED from src\main\AndroidManifest.xml:119:13-45
	android:theme
		ADDED from src\main\AndroidManifest.xml:121:13-56
	android:name
		ADDED from src\main\AndroidManifest.xml:118:13-41
activity#com.motivator.wecareyou.MyHabit_AVScreen
ADDED from src\main\AndroidManifest.xml:122:9-126:46
	android:screenOrientation
		ADDED from src\main\AndroidManifest.xml:125:13-49
	android:label
		ADDED from src\main\AndroidManifest.xml:124:13-45
	android:theme
		ADDED from src\main\AndroidManifest.xml:126:13-43
	android:name
		ADDED from src\main\AndroidManifest.xml:123:13-45
activity#com.motivator.wecareyou.HabitCompletionActivity
ADDED from src\main\AndroidManifest.xml:127:9-131:46
	android:screenOrientation
		ADDED from src\main\AndroidManifest.xml:130:13-49
	android:label
		ADDED from src\main\AndroidManifest.xml:129:13-45
	android:theme
		ADDED from src\main\AndroidManifest.xml:131:13-43
	android:name
		ADDED from src\main\AndroidManifest.xml:128:13-52
activity#com.motivator.wecareyou.RitualSetting
ADDED from src\main\AndroidManifest.xml:132:9-136:46
	android:screenOrientation
		ADDED from src\main\AndroidManifest.xml:135:13-49
	android:label
		ADDED from src\main\AndroidManifest.xml:134:13-45
	android:theme
		ADDED from src\main\AndroidManifest.xml:136:13-43
	android:name
		ADDED from src\main\AndroidManifest.xml:133:13-42
activity#com.motivator.wecareyou.NewRitual
ADDED from src\main\AndroidManifest.xml:137:9-141:46
	android:screenOrientation
		ADDED from src\main\AndroidManifest.xml:140:13-49
	android:label
		ADDED from src\main\AndroidManifest.xml:139:13-45
	android:theme
		ADDED from src\main\AndroidManifest.xml:141:13-43
	android:name
		ADDED from src\main\AndroidManifest.xml:138:13-38
activity#com.motivator.wecareyou.Feedback
ADDED from src\main\AndroidManifest.xml:142:9-146:46
	android:screenOrientation
		ADDED from src\main\AndroidManifest.xml:145:13-49
	android:label
		ADDED from src\main\AndroidManifest.xml:144:13-45
	android:theme
		ADDED from src\main\AndroidManifest.xml:146:13-43
	android:name
		ADDED from src\main\AndroidManifest.xml:143:13-37
activity#com.motivator.wecareyou.RitualImageUpdate
ADDED from src\main\AndroidManifest.xml:147:9-151:59
	android:screenOrientation
		ADDED from src\main\AndroidManifest.xml:150:13-49
	android:label
		ADDED from src\main\AndroidManifest.xml:149:13-45
	android:theme
		ADDED from src\main\AndroidManifest.xml:151:13-56
	android:name
		ADDED from src\main\AndroidManifest.xml:148:13-46
activity#com.motivator.wecareyou.Reminder
ADDED from src\main\AndroidManifest.xml:152:9-156:59
	android:screenOrientation
		ADDED from src\main\AndroidManifest.xml:155:13-49
	android:label
		ADDED from src\main\AndroidManifest.xml:154:13-45
	android:theme
		ADDED from src\main\AndroidManifest.xml:156:13-56
	android:name
		ADDED from src\main\AndroidManifest.xml:153:13-37
activity#com.motivator.wecareyou.ReminderFullScreen
ADDED from src\main\AndroidManifest.xml:157:9-161:69
	android:screenOrientation
		ADDED from src\main\AndroidManifest.xml:160:13-49
	android:label
		ADDED from src\main\AndroidManifest.xml:159:13-45
	android:theme
		ADDED from src\main\AndroidManifest.xml:161:13-66
	android:name
		ADDED from src\main\AndroidManifest.xml:158:13-47
activity#com.motivator.wecareyou.ShowAlarm
ADDED from src\main\AndroidManifest.xml:162:9-166:59
	android:screenOrientation
		ADDED from src\main\AndroidManifest.xml:165:13-49
	android:label
		ADDED from src\main\AndroidManifest.xml:164:13-45
	android:theme
		ADDED from src\main\AndroidManifest.xml:166:13-56
	android:name
		ADDED from src\main\AndroidManifest.xml:163:13-38
activity#com.motivator.wecareyou.JourneyEvents
ADDED from src\main\AndroidManifest.xml:167:9-171:46
	android:screenOrientation
		ADDED from src\main\AndroidManifest.xml:170:13-49
	android:label
		ADDED from src\main\AndroidManifest.xml:169:13-45
	android:theme
		ADDED from src\main\AndroidManifest.xml:171:13-43
	android:name
		ADDED from src\main\AndroidManifest.xml:168:13-42
activity#com.motivator.wecareyou.ShareOnFacebookPopUp
ADDED from src\main\AndroidManifest.xml:172:9-176:59
	android:screenOrientation
		ADDED from src\main\AndroidManifest.xml:175:13-49
	android:label
		ADDED from src\main\AndroidManifest.xml:174:13-45
	android:theme
		ADDED from src\main\AndroidManifest.xml:176:13-56
	android:name
		ADDED from src\main\AndroidManifest.xml:173:13-49
activity#com.motivator.wecareyou.Letter
ADDED from src\main\AndroidManifest.xml:177:9-181:46
	android:screenOrientation
		ADDED from src\main\AndroidManifest.xml:180:13-49
	android:label
		ADDED from src\main\AndroidManifest.xml:179:13-45
	android:theme
		ADDED from src\main\AndroidManifest.xml:181:13-43
	android:name
		ADDED from src\main\AndroidManifest.xml:178:13-35
activity#com.motivator.wecareyou.Goal
ADDED from src\main\AndroidManifest.xml:182:9-186:46
	android:screenOrientation
		ADDED from src\main\AndroidManifest.xml:185:13-49
	android:label
		ADDED from src\main\AndroidManifest.xml:184:13-45
	android:theme
		ADDED from src\main\AndroidManifest.xml:186:13-43
	android:name
		ADDED from src\main\AndroidManifest.xml:183:13-33
activity#com.motivator.wecareyou.Goal_GoldenChallenge
ADDED from src\main\AndroidManifest.xml:187:9-191:46
	android:screenOrientation
		ADDED from src\main\AndroidManifest.xml:190:13-49
	android:label
		ADDED from src\main\AndroidManifest.xml:189:13-45
	android:theme
		ADDED from src\main\AndroidManifest.xml:191:13-43
	android:name
		ADDED from src\main\AndroidManifest.xml:188:13-49
activity#com.motivator.wecareyou.OneTimeAction
ADDED from src\main\AndroidManifest.xml:192:9-196:46
	android:screenOrientation
		ADDED from src\main\AndroidManifest.xml:195:13-49
	android:label
		ADDED from src\main\AndroidManifest.xml:194:13-45
	android:theme
		ADDED from src\main\AndroidManifest.xml:196:13-43
	android:name
		ADDED from src\main\AndroidManifest.xml:193:13-42
activity#com.motivator.wecareyou.Motivator
ADDED from src\main\AndroidManifest.xml:197:9-201:46
	android:screenOrientation
		ADDED from src\main\AndroidManifest.xml:200:13-49
	android:label
		ADDED from src\main\AndroidManifest.xml:199:13-45
	android:theme
		ADDED from src\main\AndroidManifest.xml:201:13-43
	android:name
		ADDED from src\main\AndroidManifest.xml:198:13-38
activity#com.motivator.wecareyou.Chat
ADDED from src\main\AndroidManifest.xml:202:9-205:52
	android:screenOrientation
		ADDED from src\main\AndroidManifest.xml:205:13-49
	android:label
		ADDED from src\main\AndroidManifest.xml:204:13-45
	android:name
		ADDED from src\main\AndroidManifest.xml:203:13-33
activity#com.motivator.wecareyou.TodayTimeLine
ADDED from src\main\AndroidManifest.xml:206:9-210:46
	android:screenOrientation
		ADDED from src\main\AndroidManifest.xml:209:13-49
	android:label
		ADDED from src\main\AndroidManifest.xml:208:13-45
	android:theme
		ADDED from src\main\AndroidManifest.xml:210:13-43
	android:name
		ADDED from src\main\AndroidManifest.xml:207:13-42
activity#com.motivator.wecareyou.CompletionRate
ADDED from src\main\AndroidManifest.xml:211:9-215:46
	android:screenOrientation
		ADDED from src\main\AndroidManifest.xml:214:13-49
	android:label
		ADDED from src\main\AndroidManifest.xml:213:13-45
	android:theme
		ADDED from src\main\AndroidManifest.xml:215:13-43
	android:name